<?xml version="1.0" encoding="UTF-8"?>
<testng-results ignored="0" total="1" passed="1" failed="0" skipped="0">
  <reporter-output>
  </reporter-output>
  <suite started-at="2023-09-12T11:50:46 EDT" name="Default suite" finished-at="2023-09-12T11:51:07 EDT" duration-ms="21283">
    <groups>
      <group name="cucumber">
        <method signature="AbstractTestNGCucumberTests.feature(cucumber.api.testng.CucumberFeatureWrapper)[pri:0, instance:testrun_package.testrun_class@7fd50002]" name="feature" class="cucumber.api.testng.AbstractTestNGCucumberTests"/>
      </group> <!-- cucumber -->
    </groups>
    <test started-at="2023-09-12T11:50:46 EDT" name="Default test" finished-at="2023-09-12T11:51:07 EDT" duration-ms="21283">
      <class name="testrun_package.testrun_class">
        <test-method is-config="true" signature="setUpClass()[pri:0, instance:testrun_package.testrun_class@7fd50002]" started-at="2023-09-12T11:50:46 EDT" name="setUpClass" finished-at="2023-09-12T11:50:46 EDT" duration-ms="156" status="PASS">
          <reporter-output>
          </reporter-output>
        </test-method> <!-- setUpClass -->
        <test-method signature="feature(cucumber.api.testng.CucumberFeatureWrapper)[pri:0, instance:testrun_package.testrun_class@7fd50002]" started-at="2023-09-12T11:50:46 EDT" name="feature" description="Runs Cucumber Feature" data-provider="features" finished-at="2023-09-12T11:51:07 EDT" duration-ms="20989" status="PASS">
          <params>
            <param index="0">
              <value>
                <![CDATA[This is a add cart feature to verify user can add item in cart]]>
              </value>
            </param>
          </params>
          <reporter-output>
          </reporter-output>
        </test-method> <!-- feature -->
        <test-method is-config="true" signature="tearDownClass()[pri:0, instance:testrun_package.testrun_class@7fd50002]" started-at="2023-09-12T11:51:07 EDT" name="tearDownClass" finished-at="2023-09-12T11:51:07 EDT" duration-ms="20" status="PASS">
          <reporter-output>
          </reporter-output>
        </test-method> <!-- tearDownClass -->
      </class> <!-- testrun_package.testrun_class -->
    </test> <!-- Default test -->
  </suite> <!-- Default suite -->
</testng-results>
